Wed Nov 20 14:38:19 IST 2024 - https://gradle.com/s/xpsa6xl7vpn3e
Wed Nov 20 14:39:23 IST 2024 - https://gradle.com/s/ekz6x3pp3zfuy
Wed Nov 20 14:44:20 IST 2024 - https://gradle.com/s/i3ewemtfc4dvo
Wed Nov 20 14:44:42 IST 2024 - https://gradle.com/s/lnqmjee3fy5di
Wed Nov 20 14:47:47 IST 2024 - https://gradle.com/s/xiyifhq4vk6ci
Wed Nov 20 14:48:28 IST 2024 - https://gradle.com/s/3gsqlhs4a32vo
Wed Nov 20 14:51:52 IST 2024 - https://gradle.com/s/swiuldnjkbuce
Wed Nov 20 14:55:49 IST 2024 - https://gradle.com/s/5opkutrydhl5a
Wed Nov 20 14:56:33 IST 2024 - https://gradle.com/s/ehx2bkkfprjky
Wed Nov 20 14:56:51 IST 2024 - https://gradle.com/s/cxsxcxlx3d5zg
Wed Nov 20 14:57:44 IST 2024 - https://gradle.com/s/ntsikiin4rhaw
Wed Nov 20 15:02:05 IST 2024 - https://gradle.com/s/24vuscvqirdiy
Wed Nov 20 15:02:19 IST 2024 - https://gradle.com/s/oqc2co7gewgpw
Wed Nov 20 15:02:20 IST 2024 - https://gradle.com/s/4sqfu56uctpea
Wed Nov 20 15:02:59 IST 2024 - https://gradle.com/s/ncunj6n3wsm2u
Wed Nov 20 15:03:26 IST 2024 - https://gradle.com/s/gj5gibi2rvsam
Wed Nov 20 15:05:47 IST 2024 - https://gradle.com/s/rkmafsoxwdike
Wed Nov 20 15:06:41 IST 2024 - https://gradle.com/s/gx4swubzmx7w4
Wed Nov 20 15:08:12 IST 2024 - https://gradle.com/s/ppipklh6w32cq
Wed Nov 20 15:10:46 IST 2024 - https://gradle.com/s/ejjx4xihygtpm
Wed Nov 20 15:11:21 IST 2024 - https://gradle.com/s/23hkhhmc2pzvs
Wed Nov 20 15:11:59 IST 2024 - https://gradle.com/s/3vx2xyfpoevwk
Thu Nov 21 11:33:22 IST 2024 - https://gradle.com/s/2sc55wo3hmhcc
Thu Nov 21 11:34:18 IST 2024 - https://gradle.com/s/bxmee2h7wbw76
Thu Nov 21 11:35:59 IST 2024 - https://gradle.com/s/iboojictrkmyu
Thu Nov 21 11:36:23 IST 2024 - https://gradle.com/s/6b44pynpxl5kg
Thu Nov 21 11:37:13 IST 2024 - https://gradle.com/s/p5acwkzurvqt6
Thu Nov 21 11:39:48 IST 2024 - https://gradle.com/s/yzgw4c55hqsim
Thu Nov 21 11:42:26 IST 2024 - https://gradle.com/s/5ps7ivujjeb7o
